<html>
<head>
<title>TestNG:  Default test</title>
<link href="../testng.css" rel="stylesheet" type="text/css" />
<link href="../my-testng.css" rel="stylesheet" type="text/css" />

<style type="text/css">
.log { display: none;} 
.stack-trace { display: none;} 
</style>
<script type="text/javascript">
<!--
function flip(e) {
  current = e.style.display;
  if (current == 'block') {
    e.style.display = 'none';
    return 0;
  }
  else {
    e.style.display = 'block';
    return 1;
  }
}

function toggleBox(szDivId, elem, msg1, msg2)
{
  var res = -1;  if (document.getElementById) {
    res = flip(document.getElementById(szDivId));
  }
  else if (document.all) {
    // this is the way old msie versions work
    res = flip(document.all[szDivId]);
  }
  if(elem) {
    if(res == 0) elem.innerHTML = msg1; else elem.innerHTML = msg2;
  }

}

function toggleAllBoxes() {
  if (document.getElementsByTagName) {
    d = document.getElementsByTagName('div');
    for (i = 0; i < d.length; i++) {
      if (d[i].className == 'log') {
        flip(d[i]);
      }
    }
  }
}

// -->
</script>

</head>
<body>
<h2 align='center'>Default test</h2><table border='1' align="center">
<tr>
<td>Tests passed/Failed/Skipped:</td><td>8/1/0</td>
</tr><tr>
<td>Started on:</td><td>Wed Jul 17 00:42:51 IST 2024</td>
</tr>
<tr><td>Total time:</td><td>70 seconds (70812 ms)</td>
</tr><tr>
<td>Included groups:</td><td></td>
</tr><tr>
<td>Excluded groups:</td><td></td>
</tr>
</table><p/>
<small><i>(Hover the method name to see the test class name)</i></small><p/>
<table width='100%' border='1' class='invocation-failed'>
<tr><td colspan='4' align='center'><b>FAILED TESTS</b></td></tr>
<tr><td><b>Test method</b></td>
<td><b>Attribute(s)</b></td>
<td width="30%"><b>Exception</b></td>
<td width="10%"><b>Time (seconds)</b></td>
<td><b>Instance</b></td>
</tr>
<tr>
<td title='cucumberrunner.TestRunner.runScenario()'><b>runScenario</b><br>Test class: cucumberrunner.TestRunner<br>Test method: Runs Cucumber Scenarios<br>Parameters: "verify navigation working", "Navigation Bar"</td>
<td><div><pre>org.openqa.selenium.StaleElementReferenceException: stale element reference: stale element not found in the current frame
  (Session info: chrome=126.0.6478.127)
For documentation on this error, please visit: https://www.selenium.dev/documentation/webdriver/troubleshooting/errors#stale-element-reference-exception
Build info: version: &apos;4.17.0&apos;, revision: &apos;e52b1be057*&apos;
System info: os.name: &apos;Windows 11&apos;, os.arch: &apos;amd64&apos;, os.version: &apos;10.0&apos;, java.version: &apos;17.0.7&apos;
Driver info: org.openqa.selenium.chrome.ChromeDriver
Command: [0e27c9a41aa5b4b798b1e1267520b28b, getElementText {id=f.60C84106E6F5ABB36147AE3C2C63D453.d.5DAFC67271D11F898A4396ADE7719162.e.69}]
Capabilities {acceptInsecureCerts: false, browserName: chrome, browserVersion: 126.0.6478.127, chrome: {chromedriverVersion: 126.0.6478.126 (d36ace6122e..., userDataDir: C:\Users\DELL\AppData\Local...}, fedcm:accounts: true, goog:chromeOptions: {debuggerAddress: localhost:63211}, networkConnectionEnabled: false, pageLoadStrategy: normal, platformName: windows, proxy: Proxy(), se:cdp: ws://localhost:63211/devtoo..., se:cdpVersion: 126.0.6478.127, setWindowRect: true, strictFileInteractability: false, timeouts: {implicit: 0, pageLoad: 300000, script: 30000}, unhandledPromptBehavior: dismiss and notify, webauthn:extension:credBlob: true, webauthn:extension:largeBlob: true, webauthn:extension:minPinLength: true, webauthn:extension:prf: true, webauthn:virtualAuthenticators: true}
Element: [[ChromeDriver: chrome on windows (0e27c9a41aa5b4b798b1e1267520b28b)] -&gt; xpath: //nav[@class=&apos;bm-item-list&apos;]/a]
Session ID: 0e27c9a41aa5b4b798b1e1267520b28b
	at java.base/jdk.internal.reflect.NativeConstructorAccessorImpl.newInstance0(Native Method)
	at java.base/jdk.internal.reflect.NativeConstructorAccessorImpl.newInstance(NativeConstructorAccessorImpl.java:77)
	at java.base/jdk.internal.reflect.DelegatingConstructorAccessorImpl.newInstance(DelegatingConstructorAccessorImpl.java:45)
	at java.base/java.lang.reflect.Constructor.newInstanceWithCaller(Constructor.java:499)
	at java.base/java.lang.reflect.Constructor.newInstance(Constructor.java:480)
	at org.openqa.selenium.remote.codec.w3c.W3CHttpResponseCodec.createException(W3CHttpResponseCodec.java:185)
	at org.openqa.selenium.remote.codec.w3c.W3CHttpResponseCodec.decode(W3CHttpResponseCodec.java:134)
	at org.openqa.selenium.remote.codec.w3c.W3CHttpResponseCodec.decode(W3CHttpResponseCodec.java:51)
	at org.openqa.selenium.remote.HttpCommandExecutor.execute(HttpCommandExecutor.java:190)
	at org.openqa.selenium.remote.service.DriverCommandExecutor.invokeExecute(DriverCommandExecutor.java:216)
	at org.openqa.selenium.remote.service.DriverCommandExecutor.execute(DriverCommandExecutor.java:174)
	at org.openqa.selenium.remote.RemoteWebDriver.execute(RemoteWebDriver.java:519)
	at org.openqa.selenium.remote.RemoteWebElement.execute(RemoteWebElement.java:223)
	at org.openqa.selenium.remote.RemoteWebElement.getText(RemoteWebElement.java:191)
	at Mainclass.main.dropdown(main.java:160)
	at functionalstep.navigationvalidation.check_successful_selection_on_navigation(navigationvalidation.java:35)
	at stepddefination.navigationvalidate.check_successful_selection_on_navigation(navigationvalidate.java:27)
	at ✽.check successful selection on navigation(file:///D:/projectnew/autotesting/src/test/java/features/navigation.feature:19)
</pre></div><a href='#' onClick='toggleBox("stack-trace987255094", this, "Click to show all stack frames", "Click to hide stack frames")'>Click to show all stack frames</a>
<div class='stack-trace' id='stack-trace987255094'><pre>org.openqa.selenium.StaleElementReferenceException: stale element reference: stale element not found in the current frame
  (Session info: chrome=126.0.6478.127)
For documentation on this error, please visit: https://www.selenium.dev/documentation/webdriver/troubleshooting/errors#stale-element-reference-exception
Build info: version: &apos;4.17.0&apos;, revision: &apos;e52b1be057*&apos;
System info: os.name: &apos;Windows 11&apos;, os.arch: &apos;amd64&apos;, os.version: &apos;10.0&apos;, java.version: &apos;17.0.7&apos;
Driver info: org.openqa.selenium.chrome.ChromeDriver
Command: [0e27c9a41aa5b4b798b1e1267520b28b, getElementText {id=f.60C84106E6F5ABB36147AE3C2C63D453.d.5DAFC67271D11F898A4396ADE7719162.e.69}]
Capabilities {acceptInsecureCerts: false, browserName: chrome, browserVersion: 126.0.6478.127, chrome: {chromedriverVersion: 126.0.6478.126 (d36ace6122e..., userDataDir: C:\Users\DELL\AppData\Local...}, fedcm:accounts: true, goog:chromeOptions: {debuggerAddress: localhost:63211}, networkConnectionEnabled: false, pageLoadStrategy: normal, platformName: windows, proxy: Proxy(), se:cdp: ws://localhost:63211/devtoo..., se:cdpVersion: 126.0.6478.127, setWindowRect: true, strictFileInteractability: false, timeouts: {implicit: 0, pageLoad: 300000, script: 30000}, unhandledPromptBehavior: dismiss and notify, webauthn:extension:credBlob: true, webauthn:extension:largeBlob: true, webauthn:extension:minPinLength: true, webauthn:extension:prf: true, webauthn:virtualAuthenticators: true}
Element: [[ChromeDriver: chrome on windows (0e27c9a41aa5b4b798b1e1267520b28b)] -&gt; xpath: //nav[@class=&apos;bm-item-list&apos;]/a]
Session ID: 0e27c9a41aa5b4b798b1e1267520b28b
	at java.base/jdk.internal.reflect.NativeConstructorAccessorImpl.newInstance0(Native Method)
	at java.base/jdk.internal.reflect.NativeConstructorAccessorImpl.newInstance(NativeConstructorAccessorImpl.java:77)
	at java.base/jdk.internal.reflect.DelegatingConstructorAccessorImpl.newInstance(DelegatingConstructorAccessorImpl.java:45)
	at java.base/java.lang.reflect.Constructor.newInstanceWithCaller(Constructor.java:499)
	at java.base/java.lang.reflect.Constructor.newInstance(Constructor.java:480)
	at org.openqa.selenium.remote.codec.w3c.W3CHttpResponseCodec.createException(W3CHttpResponseCodec.java:185)
	at org.openqa.selenium.remote.codec.w3c.W3CHttpResponseCodec.decode(W3CHttpResponseCodec.java:134)
	at org.openqa.selenium.remote.codec.w3c.W3CHttpResponseCodec.decode(W3CHttpResponseCodec.java:51)
	at org.openqa.selenium.remote.HttpCommandExecutor.execute(HttpCommandExecutor.java:190)
	at org.openqa.selenium.remote.service.DriverCommandExecutor.invokeExecute(DriverCommandExecutor.java:216)
	at org.openqa.selenium.remote.service.DriverCommandExecutor.execute(DriverCommandExecutor.java:174)
	at org.openqa.selenium.remote.RemoteWebDriver.execute(RemoteWebDriver.java:519)
	at org.openqa.selenium.remote.RemoteWebElement.execute(RemoteWebElement.java:223)
	at org.openqa.selenium.remote.RemoteWebElement.getText(RemoteWebElement.java:191)
	at Mainclass.main.dropdown(main.java:160)
	at functionalstep.navigationvalidation.check_successful_selection_on_navigation(navigationvalidation.java:35)
	at stepddefination.navigationvalidate.check_successful_selection_on_navigation(navigationvalidate.java:27)
	at ✽.check successful selection on navigation(file:///D:/projectnew/autotesting/src/test/java/features/navigation.feature:19)
</pre></div></td>
<td>5</td>
<td>cucumberrunner.TestRunner@302552ec</td></tr>
</table><p>
<table width='100%' border='1' class='invocation-passed'>
<tr><td colspan='4' align='center'><b>PASSED TESTS</b></td></tr>
<tr><td><b>Test method</b></td>
<td><b>Attribute(s)</b></td>
<td width="30%"><b>Exception</b></td>
<td width="10%"><b>Time (seconds)</b></td>
<td><b>Instance</b></td>
</tr>
<tr>
<td title='cucumberrunner.TestRunner.runScenario()'><b>runScenario</b><br>Test class: cucumberrunner.TestRunner<br>Test method: Runs Cucumber Scenarios<br>Parameters: "verify cart button functions", "Cart button"</td>
<td></td>
<td>15</td>
<td>cucumberrunner.TestRunner@302552ec</td></tr>
<tr>
<td title='cucumberrunner.TestRunner.runScenario()'><b>runScenario</b><br>Test class: cucumberrunner.TestRunner<br>Test method: Runs Cucumber Scenarios<br>Parameters: "verify cart button funstionality", "Cart button"</td>
<td></td>
<td>10</td>
<td>cucumberrunner.TestRunner@302552ec</td></tr>
<tr>
<td title='cucumberrunner.TestRunner.runScenario()'><b>runScenario</b><br>Test class: cucumberrunner.TestRunner<br>Test method: Runs Cucumber Scenarios<br>Parameters: "try to lauch url", "Url test"</td>
<td></td>
<td>6</td>
<td>cucumberrunner.TestRunner@302552ec</td></tr>
<tr>
<td title='cucumberrunner.TestRunner.runScenario()'><b>runScenario</b><br>Test class: cucumberrunner.TestRunner<br>Test method: Runs Cucumber Scenarios<br>Parameters: "succefully login", "verify successfull login"</td>
<td></td>
<td>4</td>
<td>cucumberrunner.TestRunner@302552ec</td></tr>
<tr>
<td title='cucumberrunner.TestRunner.runScenario()'><b>runScenario</b><br>Test class: cucumberrunner.TestRunner<br>Test method: Runs Cucumber Scenarios<br>Parameters: "verify filter buttn", "Filter button"</td>
<td></td>
<td>6</td>
<td>cucumberrunner.TestRunner@302552ec</td></tr>
<tr>
<td title='cucumberrunner.TestRunner.runScenario()'><b>runScenario</b><br>Test class: cucumberrunner.TestRunner<br>Test method: Runs Cucumber Scenarios<br>Parameters: "verify navigation button", "Navigation Bar"</td>
<td></td>
<td>6</td>
<td>cucumberrunner.TestRunner@302552ec</td></tr>
<tr>
<td title='cucumberrunner.TestRunner.runScenario()'><b>runScenario</b><br>Test class: cucumberrunner.TestRunner<br>Test method: Runs Cucumber Scenarios<br>Parameters: "Title of your scenario", "login validation"</td>
<td></td>
<td>6</td>
<td>cucumberrunner.TestRunner@302552ec</td></tr>
<tr>
<td title='cucumberrunner.TestRunner.runScenario()'><b>runScenario</b><br>Test class: cucumberrunner.TestRunner<br>Test method: Runs Cucumber Scenarios<br>Parameters: "cart verification", "Cart button"</td>
<td></td>
<td>5</td>
<td>cucumberrunner.TestRunner@302552ec</td></tr>
</table><p>
</body>
</html>