<?xml version="1.0" encoding="UTF-8"?>
<!-- Generated by org.testng.reporters.JUnitReportReporter -->
<testsuite hostname="DESKTOP-8NH1IRK" failures="0" tests="9" name="cucumberrunner.TestRunner" time="69.576" errors="1" timestamp="2024-07-17T00:44:02 IST" skipped="0">
  <testcase classname="cucumberrunner.TestRunner" name="runScenario" time="15.974"/>
  <testcase classname="cucumberrunner.TestRunner" name="runScenario" time="10.690"/>
  <testcase classname="cucumberrunner.TestRunner" name="runScenario" time="6.929"/>
  <testcase classname="cucumberrunner.TestRunner" name="runScenario" time="4.863"/>
  <testcase classname="cucumberrunner.TestRunner" name="runScenario" time="6.212"/>
  <testcase classname="cucumberrunner.TestRunner" name="runScenario" time="6.884"/>
  <testcase classname="cucumberrunner.TestRunner" name="runScenario" time="6.814"/>
  <testcase classname="cucumberrunner.TestRunner" name="runScenario" time="5.851"/>
  <testcase classname="cucumberrunner.TestRunner" name="runScenario" time="5.359">
    <error message="stale element reference: stale element not found in the current frame
  (Session info: chrome=126.0.6478.127)
For documentation on this error, please visit: https://www.selenium.dev/documentation/webdriver/troubleshooting/errors#stale-element-reference-exception
Build info: version: &#039;4.17.0&#039;, revision: &#039;e52b1be057*&#039;
System info: os.name: &#039;Windows 11&#039;, os.arch: &#039;amd64&#039;, os.version: &#039;10.0&#039;, java.version: &#039;17.0.7&#039;
Driver info: org.openqa.selenium.chrome.ChromeDriver
Command: [0e27c9a41aa5b4b798b1e1267520b28b, getElementText {id=f.60C84106E6F5ABB36147AE3C2C63D453.d.5DAFC67271D11F898A4396ADE7719162.e.69}]
Capabilities {acceptInsecureCerts: false, browserName: chrome, browserVersion: 126.0.6478.127, chrome: {chromedriverVersion: 126.0.6478.126 (d36ace6122e..., userDataDir: C:\Users\DELL\AppData\Local...}, fedcm:accounts: true, goog:chromeOptions: {debuggerAddress: localhost:63211}, networkConnectionEnabled: false, pageLoadStrategy: normal, platformName: windows, proxy: Proxy(), se:cdp: ws://localhost:63211/devtoo..., se:cdpVersion: 126.0.6478.127, setWindowRect: true, strictFileInteractability: false, timeouts: {implicit: 0, pageLoad: 300000, script: 30000}, unhandledPromptBehavior: dismiss and notify, webauthn:extension:credBlob: true, webauthn:extension:largeBlob: true, webauthn:extension:minPinLength: true, webauthn:extension:prf: true, webauthn:virtualAuthenticators: true}
Element: [[ChromeDriver: chrome on windows (0e27c9a41aa5b4b798b1e1267520b28b)] -&gt; xpath: //nav[@class=&#039;bm-item-list&#039;]/a]
Session ID: 0e27c9a41aa5b4b798b1e1267520b28b" type="org.openqa.selenium.StaleElementReferenceException">
      <![CDATA[org.openqa.selenium.StaleElementReferenceException: stale element reference: stale element not found in the current frame
  (Session info: chrome=126.0.6478.127)
For documentation on this error, please visit: https://www.selenium.dev/documentation/webdriver/troubleshooting/errors#stale-element-reference-exception
Build info: version: '4.17.0', revision: 'e52b1be057*'
System info: os.name: 'Windows 11', os.arch: 'amd64', os.version: '10.0', java.version: '17.0.7'
Driver info: org.openqa.selenium.chrome.ChromeDriver
Command: [0e27c9a41aa5b4b798b1e1267520b28b, getElementText {id=f.60C84106E6F5ABB36147AE3C2C63D453.d.5DAFC67271D11F898A4396ADE7719162.e.69}]
Capabilities {acceptInsecureCerts: false, browserName: chrome, browserVersion: 126.0.6478.127, chrome: {chromedriverVersion: 126.0.6478.126 (d36ace6122e..., userDataDir: C:\Users\DELL\AppData\Local...}, fedcm:accounts: true, goog:chromeOptions: {debuggerAddress: localhost:63211}, networkConnectionEnabled: false, pageLoadStrategy: normal, platformName: windows, proxy: Proxy(), se:cdp: ws://localhost:63211/devtoo..., se:cdpVersion: 126.0.6478.127, setWindowRect: true, strictFileInteractability: false, timeouts: {implicit: 0, pageLoad: 300000, script: 30000}, unhandledPromptBehavior: dismiss and notify, webauthn:extension:credBlob: true, webauthn:extension:largeBlob: true, webauthn:extension:minPinLength: true, webauthn:extension:prf: true, webauthn:virtualAuthenticators: true}
Element: [[ChromeDriver: chrome on windows (0e27c9a41aa5b4b798b1e1267520b28b)] -> xpath: //nav[@class='bm-item-list']/a]
Session ID: 0e27c9a41aa5b4b798b1e1267520b28b
at java.base/jdk.internal.reflect.NativeConstructorAccessorImpl.newInstance0(Native Method)
at java.base/jdk.internal.reflect.NativeConstructorAccessorImpl.newInstance(NativeConstructorAccessorImpl.java:77)
at java.base/jdk.internal.reflect.DelegatingConstructorAccessorImpl.newInstance(DelegatingConstructorAccessorImpl.java:45)
at java.base/java.lang.reflect.Constructor.newInstanceWithCaller(Constructor.java:499)
at java.base/java.lang.reflect.Constructor.newInstance(Constructor.java:480)
at org.openqa.selenium.remote.codec.w3c.W3CHttpResponseCodec.createException(W3CHttpResponseCodec.java:185)
at org.openqa.selenium.remote.codec.w3c.W3CHttpResponseCodec.decode(W3CHttpResponseCodec.java:134)
at org.openqa.selenium.remote.codec.w3c.W3CHttpResponseCodec.decode(W3CHttpResponseCodec.java:51)
at org.openqa.selenium.remote.HttpCommandExecutor.execute(HttpCommandExecutor.java:190)
at org.openqa.selenium.remote.service.DriverCommandExecutor.invokeExecute(DriverCommandExecutor.java:216)
at org.openqa.selenium.remote.service.DriverCommandExecutor.execute(DriverCommandExecutor.java:174)
at org.openqa.selenium.remote.RemoteWebDriver.execute(RemoteWebDriver.java:519)
at org.openqa.selenium.remote.RemoteWebElement.execute(RemoteWebElement.java:223)
at org.openqa.selenium.remote.RemoteWebElement.getText(RemoteWebElement.java:191)
at Mainclass.main.dropdown(main.java:160)
at functionalstep.navigationvalidation.check_successful_selection_on_navigation(navigationvalidation.java:35)
at stepddefination.navigationvalidate.check_successful_selection_on_navigation(navigationvalidate.java:27)
at âœ½.check successful selection on navigation(file:///D:/projectnew/autotesting/src/test/java/features/navigation.feature:19)
]]>
    </error>
  </testcase> <!-- runScenario -->
</testsuite> <!-- cucumberrunner.TestRunner -->
